<?xml version="1.0" encoding="UTF-8"?>
<testsuite xmlns:xsi="http://www.w3.org/2001/XMLSchema-instance" xsi:noNamespaceSchemaLocation="https://maven.apache.org/surefire/maven-surefire-plugin/xsd/surefire-test-report-3.0.xsd" version="3.0" name="com.btcbit.test.BtcBitTest" time="74.219" tests="4" errors="0" skipped="0" failures="0">
  <properties>
[...]
</properties>
  <testcase name="testContactsPage" classname="com.btcbit.test.BtcBitTest" time="15.753">
    <system-out><![CDATA[Scrolling to Poland office section...
Checking Poland office header...
Checking Poland company name...
Checking Poland address company line...
Checking Poland address street line...
Checking Poland address city line...
Checking Poland registration number...
Checking Poland phone number...
Verifying Poland registration number text...
Found Poland reg number: 369827363
Verifying Poland phone number text...
Found Poland phone: +48 588 813 222
All Poland office information verified successfully
Scrolling to Estonia office section...
Checking Estonia office header...
Checking Estonia company name...
Checking Estonia address company line...
Checking Estonia address street line...
Checking Estonia address city line...
Checking Estonia registration number...
Checking Estonia phone number...
Verifying Estonia registration number text...
Found Estonia reg number: 16121208
Verifying Estonia phone number text...
Found Estonia phone: +372 8 803 222
All Estonia office information verified successfully
=================================================================
Test PASSED: Contacts page is working correctly.
Successfully navigated to contacts page.
All office information is displayed correctly:
- Poland office details verified
- Estonia office details verified
=================================================================
]]></system-out>
    <system-err><![CDATA[SLF4J: No SLF4J providers were found.
SLF4J: Defaulting to no-operation (NOP) logger implementation
SLF4J: See https://www.slf4j.org/codes.html#noProviders for further details.
Mar 12, 2025 5:17:41 PM org.openqa.selenium.devtools.CdpVersionFinder findNearestMatch
WARNING: Unable to find CDP implementation matching 134
Mar 12, 2025 5:17:41 PM org.openqa.selenium.chromium.ChromiumDriver lambda$new$5
WARNING: Unable to find version of CDP to use for 134.0.6998.46. You may need to include a dependency on a specific version of the CDP using something similar to `org.seleniumhq.selenium:selenium-devtools-v86:4.16.1` where the version ("v86") matches the version of the chromium-based browser you're using and the version number of the artifact is the same as Selenium's.
]]></system-err>
  </testcase>
  <testcase name="testFailedLogin" classname="com.btcbit.test.BtcBitTest" time="18.579">
    <system-out><![CDATA[Test data for failed login:
Email: sharapov.k44@gmail.com
Random Password: pGop#8vt&S!1Aa
=================================================================
Test PASSED: Login form is working correctly.
Login attempt failed as expected with invalid credentials.
Error message was displayed with correct text.
=================================================================
]]></system-out>
    <system-err><![CDATA[Mar 12, 2025 5:17:56 PM org.openqa.selenium.devtools.CdpVersionFinder findNearestMatch
WARNING: Unable to find CDP implementation matching 134
Mar 12, 2025 5:17:56 PM org.openqa.selenium.chromium.ChromiumDriver lambda$new$5
WARNING: Unable to find version of CDP to use for 134.0.6998.46. You may need to include a dependency on a specific version of the CDP using something similar to `org.seleniumhq.selenium:selenium-devtools-v86:4.16.1` where the version ("v86") matches the version of the chromium-based browser you're using and the version number of the artifact is the same as Selenium's.
]]></system-err>
  </testcase>
  <testcase name="testSuccessfulLogin" classname="com.btcbit.test.BtcBitTest" time="20.351">
    <system-out><![CDATA[Test data for successful login:
Email: sharapov.k44@gmail.com
Password: 7xREycej$7C@kJ
Error message text mismatch.
Expected: Invalid email or password. Try clicking 'Forgot Password' if you're having trouble signing in.
Actual: Verify your account for making transactions
Verify
=================================================================
Test PASSED: Login form is working correctly.
Login attempt succeeded as expected with valid credentials.
User was successfully redirected to profile page.
Personal Information section is visible.
Profile displays correct email: sharapov.k44@gmail.com
=================================================================
]]></system-out>
    <system-err><![CDATA[Mar 12, 2025 5:18:15 PM org.openqa.selenium.devtools.CdpVersionFinder findNearestMatch
WARNING: Unable to find CDP implementation matching 134
Mar 12, 2025 5:18:15 PM org.openqa.selenium.chromium.ChromiumDriver lambda$new$5
WARNING: Unable to find version of CDP to use for 134.0.6998.46. You may need to include a dependency on a specific version of the CDP using something similar to `org.seleniumhq.selenium:selenium-devtools-v86:4.16.1` where the version ("v86") matches the version of the chromium-based browser you're using and the version number of the artifact is the same as Selenium's.
]]></system-err>
  </testcase>
  <testcase name="testClientRegistration" classname="com.btcbit.test.BtcBitTest" time="18.496">
    <system-out><![CDATA[Test data for registration:
First name: Antonietta
Last name: Nienow
Email: antnie@test.com
Password: dIq8hjZ4j4s!1Aa
Trying to click checkbox with exact locator from dev tools
=================================================================
NOTICE: Further registration validation is disabled
Reason: Unable to fully automate registration process due to:
1. Complex email validation rules
2. CAPTCHA protection
3. Additional security measures
Manual testing is required for complete registration validation
=================================================================
]]></system-out>
    <system-err><![CDATA[Mar 12, 2025 5:18:35 PM org.openqa.selenium.devtools.CdpVersionFinder findNearestMatch
WARNING: Unable to find CDP implementation matching 134
Mar 12, 2025 5:18:35 PM org.openqa.selenium.chromium.ChromiumDriver lambda$new$5
WARNING: Unable to find version of CDP to use for 134.0.6998.46. You may need to include a dependency on a specific version of the CDP using something similar to `org.seleniumhq.selenium:selenium-devtools-v86:4.16.1` where the version ("v86") matches the version of the chromium-based browser you're using and the version number of the artifact is the same as Selenium's.
]]></system-err>
  </testcase>
</testsuite>